<component name="libraryTable">
  <library name="junit-4.12">
    <CLASSES>
      <root url="jar://$USER_HOME$/.gradle/wrapper/dists/gradle-2.0-all/7rd4e4rcg4riqi0j6j508m2lbk/gradle-2.0/caches/modules-2/files-2.1/junit/junit/4.12/2973d150c0dc1fefe998f834810d68f278ea58ec/junit-4.12.jar!/" />
    </CLASSES>
    <JAVADOC />
    <SOURCES>
      <root url="jar://$USER_HOME$/.gradle/wrapper/dists/gradle-2.0-all/7rd4e4rcg4riqi0j6j508m2lbk/gradle-2.0/caches/modules-2/files-2.1/junit/junit/4.12/a6c32b40bf3d76eca54e3c601e5d1470c86fcdfa/junit-4.12-sources.jar!/" />
    </SOURCES>
  </library>
</component>